<?xml version="1.0" encoding="UTF-8"?>
<testng-results skipped="0" failed="0" total="1" passed="1">
  <reporter-output>
  </reporter-output>
  <suite name="Default suite" duration-ms="16705" started-at="2019-08-15T05:36:25Z" finished-at="2019-08-15T05:36:42Z">
    <groups>
    </groups>
    <test name="Default test" duration-ms="16705" started-at="2019-08-15T05:36:25Z" finished-at="2019-08-15T05:36:42Z">
      <class name="src.SikuliExample">
        <test-method status="PASS" signature="testSikuli()[pri:0, instance:src.SikuliExample@2f8f11]" name="testSikuli" duration-ms="16682" started-at="2019-08-15T11:06:25Z" finished-at="2019-08-15T11:06:42Z">
          <reporter-output>
          </reporter-output>
        </test-method> <!-- testSikuli -->
      </class> <!-- src.SikuliExample -->
    </test> <!-- Default test -->
  </suite> <!-- Default suite -->
</testng-results>
